c:\users\martin\documents\programme\programme\debug\vc120.pdb
c:\users\martin\documents\programme\programme\debug\vc120.idb
c:\users\martin\documents\programme\programme\debug\main.obj
c:\users\martin\documents\programme\programme\debug\network.obj
c:\users\martin\documents\programme\programme\debug\neuron.obj
c:\users\martin\documents\github\neuronalnetwork\programme\programme\debug\vc120.pdb
c:\users\martin\documents\github\neuronalnetwork\programme\programme\debug\vc120.idb
c:\users\martin\documents\github\neuronalnetwork\programme\programme\debug\main.obj
c:\users\martin\documents\github\neuronalnetwork\programme\programme\debug\network.obj
c:\users\martin\documents\github\neuronalnetwork\programme\programme\debug\neuron.obj
c:\users\martin\documents\programme\debug\programme.ilk
c:\users\martin\documents\programme\debug\programme.exe
c:\users\martin\documents\programme\debug\programme.pdb
c:\users\martin\documents\github\neuronalnetwork\programme\debug\programme.pdb
c:\users\martin\documents\github\neuronalnetwork\programme\debug\programme.exe
c:\users\martin\documents\github\neuronalnetwork\programme\debug\programme.ilk
c:\users\martin\documents\github\neuronalnetwork\programme\programme\debug\programme.tlog\cl.command.1.tlog
c:\users\martin\documents\github\neuronalnetwork\programme\programme\debug\programme.tlog\cl.read.1.tlog
c:\users\martin\documents\github\neuronalnetwork\programme\programme\debug\programme.tlog\cl.write.1.tlog
c:\users\martin\documents\github\neuronalnetwork\programme\programme\debug\programme.tlog\link.command.1.tlog
c:\users\martin\documents\github\neuronalnetwork\programme\programme\debug\programme.tlog\link.read.1.tlog
c:\users\martin\documents\github\neuronalnetwork\programme\programme\debug\programme.tlog\link.write.1.tlog
